[0.000][INFO]:      ChromeDriver 26.0.1383.0 /usr/bin/chromedriver
[0.249][FINE]:      Initializing session with capabilities {
   "browserName": "chrome",
   "chrome.detach": true,
   "chromeOptions": {
      "detach": true
   },
   "cssSelectorsEnabled": true,
   "javascriptEnabled": true,
   "nativeEvents": false,
   "platform": "ANY",
   "rotatable": false,
   "takesScreenshot": false,
   "version": ""
}

[0.249][INFO]:      Using named testing interface
[0.520][INFO]:      Connected to Chrome successfully. Version: 24.0.1312.56
[0.523][FINE]:      Command received (/session/ae3b75cb443542a1b90ab2125251ce19)
[0.523][FINE]:      Command finished (/session/ae3b75cb443542a1b90ab2125251ce19) with response {
   "sessionId": "ae3b75cb443542a1b90ab2125251ce19",
   "status": 0,
   "value": {
      "acceptSslCerts": false,
      "applicationCacheEnabled": false,
      "browserConnectionEnabled": false,
      "browserName": "chrome",
      "chrome.chromedriverVersion": "26.0.1383.0",
      "cssSelectorsEnabled": true,
      "databaseEnabled": false,
      "handlesAlerts": true,
      "javascriptEnabled": true,
      "locationContextEnabled": false,
      "nativeEvents": true,
      "platform": "linux",
      "rotatable": false,
      "takesScreenshot": true,
      "version": "24.0.1312.56",
      "webStorageEnabled": true
   }
}

[0.524][FINE]:      Command received (/session/ae3b75cb443542a1b90ab2125251ce19/url) with params {
   "url": "http://127.0.0.1:50960/"
}

[0.524][FINER]:     Waiting for all views to stop loading...
[0.527][FINER]:     Done waiting for all views to stop loading
[2.456][FINER]:     Waiting for all views to stop loading...
[2.458][FINER]:     Done waiting for all views to stop loading
[2.458][FINE]:      Command finished (/session/ae3b75cb443542a1b90ab2125251ce19/url) with response {
   "sessionId": "ae3b75cb443542a1b90ab2125251ce19",
   "status": 0,
   "value": {

   }
}

[2.562][FINE]:      Command received (/session/ae3b75cb443542a1b90ab2125251ce19/elements) with params {
   "using": "xpath",
   "value": ".//a[./@href][(((./@id = 'Sign in' or contains(normalize-space(string(.)), 'Sign in')) or contain..."
}

[2.562][FINER]:     Waiting for all views to stop loading...
[2.563][FINER]:     Done waiting for all views to stop loading
[2.587][FINER]:     Waiting for all views to stop loading...
[2.588][FINER]:     Done waiting for all views to stop loading
[2.588][FINE]:      Command finished (/session/ae3b75cb443542a1b90ab2125251ce19/elements) with response {
   "sessionId": "ae3b75cb443542a1b90ab2125251ce19",
   "status": 0,
   "value": [ {
      "ELEMENT": ":wdc:1362840688572"
   } ]
}

[2.627][FINE]:      Command received (/session/ae3b75cb443542a1b90ab2125251ce19/element/:wdc:1362840688572/click) with params {

}

[2.627][FINER]:     Waiting for all views to stop loading...
[2.628][FINER]:     Done waiting for all views to stop loading
[2.668][FINER]:     Waiting for all views to stop loading...
[2.669][FINER]:     Done waiting for all views to stop loading
[2.669][WARNING]:   Command finished (/session/ae3b75cb443542a1b90ab2125251ce19/element/:wdc:1362840688572/click) with response {
   "sessionId": "ae3b75cb443542a1b90ab2125251ce19",
   "status": 13,
   "value": {
      "message": "Element is not clickable at point (456, 41). Other element would receive the click: \u003Cdiv class=\"n..."
   }
}

[2.721][FINE]:      Command received (/session/ae3b75cb443542a1b90ab2125251ce19/elements) with params {
   "using": "xpath",
   "value": ".//a[./@href][(((./@id = 'Sign in' or contains(normalize-space(string(.)), 'Sign in')) or contain..."
}

[2.721][FINER]:     Waiting for all views to stop loading...
[2.721][FINER]:     Done waiting for all views to stop loading
[2.728][FINER]:     Waiting for all views to stop loading...
[2.729][FINER]:     Done waiting for all views to stop loading
[2.729][FINE]:      Command finished (/session/ae3b75cb443542a1b90ab2125251ce19/elements) with response {
   "sessionId": "ae3b75cb443542a1b90ab2125251ce19",
   "status": 0,
   "value": [ {
      "ELEMENT": ":wdc:1362840688572"
   } ]
}

[2.730][FINE]:      Command received (/session/ae3b75cb443542a1b90ab2125251ce19/element/:wdc:1362840688572/click) with params {

}

[2.730][FINER]:     Waiting for all views to stop loading...
[2.730][FINER]:     Done waiting for all views to stop loading
[2.746][FINER]:     Waiting for all views to stop loading...
[2.747][FINER]:     Done waiting for all views to stop loading
[2.747][WARNING]:   Command finished (/session/ae3b75cb443542a1b90ab2125251ce19/element/:wdc:1362840688572/click) with response {
   "sessionId": "ae3b75cb443542a1b90ab2125251ce19",
   "status": 13,
   "value": {
      "message": "Element is not clickable at point (456, 41). Other element would receive the click: \u003Cdiv class=\"n..."
   }
}

[2.798][FINE]:      Command received (/session/ae3b75cb443542a1b90ab2125251ce19/elements) with params {
   "using": "xpath",
   "value": ".//a[./@href][(((./@id = 'Sign in' or contains(normalize-space(string(.)), 'Sign in')) or contain..."
}

[2.798][FINER]:     Waiting for all views to stop loading...
[2.799][FINER]:     Done waiting for all views to stop loading
[2.806][FINER]:     Waiting for all views to stop loading...
[2.807][FINER]:     Done waiting for all views to stop loading
[2.807][FINE]:      Command finished (/session/ae3b75cb443542a1b90ab2125251ce19/elements) with response {
   "sessionId": "ae3b75cb443542a1b90ab2125251ce19",
   "status": 0,
   "value": [ {
      "ELEMENT": ":wdc:1362840688572"
   } ]
}

[2.808][FINE]:      Command received (/session/ae3b75cb443542a1b90ab2125251ce19/element/:wdc:1362840688572/click) with params {

}

[2.808][FINER]:     Waiting for all views to stop loading...
[2.808][FINER]:     Done waiting for all views to stop loading
[2.822][FINER]:     Waiting for all views to stop loading...
[2.822][FINER]:     Done waiting for all views to stop loading
[2.822][WARNING]:   Command finished (/session/ae3b75cb443542a1b90ab2125251ce19/element/:wdc:1362840688572/click) with response {
   "sessionId": "ae3b75cb443542a1b90ab2125251ce19",
   "status": 13,
   "value": {
      "message": "Element is not clickable at point (456, 41). Other element would receive the click: \u003Cdiv class=\"n..."
   }
}

[2.874][FINE]:      Command received (/session/ae3b75cb443542a1b90ab2125251ce19/elements) with params {
   "using": "xpath",
   "value": ".//a[./@href][(((./@id = 'Sign in' or contains(normalize-space(string(.)), 'Sign in')) or contain..."
}

[2.874][FINER]:     Waiting for all views to stop loading...
[2.874][FINER]:     Done waiting for all views to stop loading
[2.881][FINER]:     Waiting for all views to stop loading...
[2.882][FINER]:     Done waiting for all views to stop loading
[2.882][FINE]:      Command finished (/session/ae3b75cb443542a1b90ab2125251ce19/elements) with response {
   "sessionId": "ae3b75cb443542a1b90ab2125251ce19",
   "status": 0,
   "value": [ {
      "ELEMENT": ":wdc:1362840688572"
   } ]
}

[2.883][FINE]:      Command received (/session/ae3b75cb443542a1b90ab2125251ce19/element/:wdc:1362840688572/click) with params {

}

[2.883][FINER]:     Waiting for all views to stop loading...
[2.883][FINER]:     Done waiting for all views to stop loading
[2.903][FINER]:     Waiting for all views to stop loading...
[2.903][FINER]:     Done waiting for all views to stop loading
[2.903][WARNING]:   Command finished (/session/ae3b75cb443542a1b90ab2125251ce19/element/:wdc:1362840688572/click) with response {
   "sessionId": "ae3b75cb443542a1b90ab2125251ce19",
   "status": 13,
   "value": {
      "message": "Element is not clickable at point (456, 41). Other element would receive the click: \u003Cdiv class=\"n..."
   }
}

[2.954][FINE]:      Command received (/session/ae3b75cb443542a1b90ab2125251ce19/elements) with params {
   "using": "xpath",
   "value": ".//a[./@href][(((./@id = 'Sign in' or contains(normalize-space(string(.)), 'Sign in')) or contain..."
}

[2.954][FINER]:     Waiting for all views to stop loading...
[2.955][FINER]:     Done waiting for all views to stop loading
[2.961][FINER]:     Waiting for all views to stop loading...
[2.962][FINER]:     Done waiting for all views to stop loading
[2.962][FINE]:      Command finished (/session/ae3b75cb443542a1b90ab2125251ce19/elements) with response {
   "sessionId": "ae3b75cb443542a1b90ab2125251ce19",
   "status": 0,
   "value": [ {
      "ELEMENT": ":wdc:1362840688572"
   } ]
}

[2.963][FINE]:      Command received (/session/ae3b75cb443542a1b90ab2125251ce19/element/:wdc:1362840688572/click) with params {

}

[2.963][FINER]:     Waiting for all views to stop loading...
[2.964][FINER]:     Done waiting for all views to stop loading
[2.976][FINER]:     Waiting for all views to stop loading...
[2.976][FINER]:     Done waiting for all views to stop loading
[2.976][WARNING]:   Command finished (/session/ae3b75cb443542a1b90ab2125251ce19/element/:wdc:1362840688572/click) with response {
   "sessionId": "ae3b75cb443542a1b90ab2125251ce19",
   "status": 13,
   "value": {
      "message": "Element is not clickable at point (456, 41). Other element would receive the click: \u003Cdiv class=\"n..."
   }
}

[3.028][FINE]:      Command received (/session/ae3b75cb443542a1b90ab2125251ce19/elements) with params {
   "using": "xpath",
   "value": ".//a[./@href][(((./@id = 'Sign in' or contains(normalize-space(string(.)), 'Sign in')) or contain..."
}

[3.028][FINER]:     Waiting for all views to stop loading...
[3.028][FINER]:     Done waiting for all views to stop loading
[3.034][FINER]:     Waiting for all views to stop loading...
[3.034][FINER]:     Done waiting for all views to stop loading
[3.035][FINE]:      Command finished (/session/ae3b75cb443542a1b90ab2125251ce19/elements) with response {
   "sessionId": "ae3b75cb443542a1b90ab2125251ce19",
   "status": 0,
   "value": [ {
      "ELEMENT": ":wdc:1362840688572"
   } ]
}

[3.035][FINE]:      Command received (/session/ae3b75cb443542a1b90ab2125251ce19/element/:wdc:1362840688572/click) with params {

}

[3.035][FINER]:     Waiting for all views to stop loading...
[3.036][FINER]:     Done waiting for all views to stop loading
[3.050][FINER]:     Waiting for all views to stop loading...
[3.051][FINER]:     Done waiting for all views to stop loading
[3.051][WARNING]:   Command finished (/session/ae3b75cb443542a1b90ab2125251ce19/element/:wdc:1362840688572/click) with response {
   "sessionId": "ae3b75cb443542a1b90ab2125251ce19",
   "status": 13,
   "value": {
      "message": "Element is not clickable at point (456, 41). Other element would receive the click: \u003Cdiv class=\"n..."
   }
}

[3.102][FINE]:      Command received (/session/ae3b75cb443542a1b90ab2125251ce19/elements) with params {
   "using": "xpath",
   "value": ".//a[./@href][(((./@id = 'Sign in' or contains(normalize-space(string(.)), 'Sign in')) or contain..."
}

[3.102][FINER]:     Waiting for all views to stop loading...
[3.102][FINER]:     Done waiting for all views to stop loading
[3.109][FINER]:     Waiting for all views to stop loading...
[3.110][FINER]:     Done waiting for all views to stop loading
[3.110][FINE]:      Command finished (/session/ae3b75cb443542a1b90ab2125251ce19/elements) with response {
   "sessionId": "ae3b75cb443542a1b90ab2125251ce19",
   "status": 0,
   "value": [ {
      "ELEMENT": ":wdc:1362840688572"
   } ]
}

[3.111][FINE]:      Command received (/session/ae3b75cb443542a1b90ab2125251ce19/element/:wdc:1362840688572/click) with params {

}

[3.111][FINER]:     Waiting for all views to stop loading...
[3.111][FINER]:     Done waiting for all views to stop loading
[3.124][FINER]:     Waiting for all views to stop loading...
[3.124][FINER]:     Done waiting for all views to stop loading
[3.124][WARNING]:   Command finished (/session/ae3b75cb443542a1b90ab2125251ce19/element/:wdc:1362840688572/click) with response {
   "sessionId": "ae3b75cb443542a1b90ab2125251ce19",
   "status": 13,
   "value": {
      "message": "Element is not clickable at point (456, 41). Other element would receive the click: \u003Cdiv class=\"n..."
   }
}

[3.176][FINE]:      Command received (/session/ae3b75cb443542a1b90ab2125251ce19/elements) with params {
   "using": "xpath",
   "value": ".//a[./@href][(((./@id = 'Sign in' or contains(normalize-space(string(.)), 'Sign in')) or contain..."
}

[3.176][FINER]:     Waiting for all views to stop loading...
[3.177][FINER]:     Done waiting for all views to stop loading
[3.184][FINER]:     Waiting for all views to stop loading...
[3.184][FINER]:     Done waiting for all views to stop loading
[3.184][FINE]:      Command finished (/session/ae3b75cb443542a1b90ab2125251ce19/elements) with response {
   "sessionId": "ae3b75cb443542a1b90ab2125251ce19",
   "status": 0,
   "value": [ {
      "ELEMENT": ":wdc:1362840688572"
   } ]
}

[3.185][FINE]:      Command received (/session/ae3b75cb443542a1b90ab2125251ce19/element/:wdc:1362840688572/click) with params {

}

[3.185][FINER]:     Waiting for all views to stop loading...
[3.186][FINER]:     Done waiting for all views to stop loading
[3.201][FINER]:     Waiting for all views to stop loading...
[3.201][FINER]:     Done waiting for all views to stop loading
[3.201][WARNING]:   Command finished (/session/ae3b75cb443542a1b90ab2125251ce19/element/:wdc:1362840688572/click) with response {
   "sessionId": "ae3b75cb443542a1b90ab2125251ce19",
   "status": 13,
   "value": {
      "message": "Element is not clickable at point (456, 41). Other element would receive the click: \u003Cdiv class=\"n..."
   }
}

[3.253][FINE]:      Command received (/session/ae3b75cb443542a1b90ab2125251ce19/elements) with params {
   "using": "xpath",
   "value": ".//a[./@href][(((./@id = 'Sign in' or contains(normalize-space(string(.)), 'Sign in')) or contain..."
}

[3.253][FINER]:     Waiting for all views to stop loading...
[3.264][FINER]:     Done waiting for all views to stop loading
[3.269][FINER]:     Waiting for all views to stop loading...
[3.269][FINER]:     Done waiting for all views to stop loading
[3.269][FINE]:      Command finished (/session/ae3b75cb443542a1b90ab2125251ce19/elements) with response {
   "sessionId": "ae3b75cb443542a1b90ab2125251ce19",
   "status": 0,
   "value": [ {
      "ELEMENT": ":wdc:1362840688572"
   } ]
}

[3.283][FINE]:      Command received (/session/ae3b75cb443542a1b90ab2125251ce19/element/:wdc:1362840688572/click) with params {

}

[3.283][FINER]:     Waiting for all views to stop loading...
[3.284][FINER]:     Done waiting for all views to stop loading
[3.292][FINER]:     Waiting for all views to stop loading...
[3.292][FINER]:     Done waiting for all views to stop loading
[3.292][WARNING]:   Command finished (/session/ae3b75cb443542a1b90ab2125251ce19/element/:wdc:1362840688572/click) with response {
   "sessionId": "ae3b75cb443542a1b90ab2125251ce19",
   "status": 13,
   "value": {
      "message": "Element is not clickable at point (456, 41). Other element would receive the click: \u003Cdiv class=\"n..."
   }
}

[3.343][FINE]:      Command received (/session/ae3b75cb443542a1b90ab2125251ce19/elements) with params {
   "using": "xpath",
   "value": ".//a[./@href][(((./@id = 'Sign in' or contains(normalize-space(string(.)), 'Sign in')) or contain..."
}

[3.343][FINER]:     Waiting for all views to stop loading...
[3.344][FINER]:     Done waiting for all views to stop loading
[3.352][FINER]:     Waiting for all views to stop loading...
[3.352][FINER]:     Done waiting for all views to stop loading
[3.352][FINE]:      Command finished (/session/ae3b75cb443542a1b90ab2125251ce19/elements) with response {
   "sessionId": "ae3b75cb443542a1b90ab2125251ce19",
   "status": 0,
   "value": [ {
      "ELEMENT": ":wdc:1362840688572"
   } ]
}

[3.353][FINE]:      Command received (/session/ae3b75cb443542a1b90ab2125251ce19/element/:wdc:1362840688572/click) with params {

}

[3.353][FINER]:     Waiting for all views to stop loading...
[3.354][FINER]:     Done waiting for all views to stop loading
[3.369][FINER]:     Waiting for all views to stop loading...
[3.369][FINER]:     Done waiting for all views to stop loading
[3.369][WARNING]:   Command finished (/session/ae3b75cb443542a1b90ab2125251ce19/element/:wdc:1362840688572/click) with response {
   "sessionId": "ae3b75cb443542a1b90ab2125251ce19",
   "status": 13,
   "value": {
      "message": "Element is not clickable at point (456, 41). Other element would receive the click: \u003Cdiv class=\"n..."
   }
}

[3.421][FINE]:      Command received (/session/ae3b75cb443542a1b90ab2125251ce19/elements) with params {
   "using": "xpath",
   "value": ".//a[./@href][(((./@id = 'Sign in' or contains(normalize-space(string(.)), 'Sign in')) or contain..."
}

[3.421][FINER]:     Waiting for all views to stop loading...
[3.421][FINER]:     Done waiting for all views to stop loading
[3.430][FINER]:     Waiting for all views to stop loading...
[3.430][FINER]:     Done waiting for all views to stop loading
[3.430][FINE]:      Command finished (/session/ae3b75cb443542a1b90ab2125251ce19/elements) with response {
   "sessionId": "ae3b75cb443542a1b90ab2125251ce19",
   "status": 0,
   "value": [ {
      "ELEMENT": ":wdc:1362840688572"
   } ]
}

[3.431][FINE]:      Command received (/session/ae3b75cb443542a1b90ab2125251ce19/element/:wdc:1362840688572/click) with params {

}

[3.431][FINER]:     Waiting for all views to stop loading...
[3.432][FINER]:     Done waiting for all views to stop loading
[3.450][FINER]:     Waiting for all views to stop loading...
[3.450][FINER]:     Done waiting for all views to stop loading
[3.450][WARNING]:   Command finished (/session/ae3b75cb443542a1b90ab2125251ce19/element/:wdc:1362840688572/click) with response {
   "sessionId": "ae3b75cb443542a1b90ab2125251ce19",
   "status": 13,
   "value": {
      "message": "Element is not clickable at point (456, 41). Other element would receive the click: \u003Cdiv class=\"n..."
   }
}

[3.501][FINE]:      Command received (/session/ae3b75cb443542a1b90ab2125251ce19/elements) with params {
   "using": "xpath",
   "value": ".//a[./@href][(((./@id = 'Sign in' or contains(normalize-space(string(.)), 'Sign in')) or contain..."
}

[3.501][FINER]:     Waiting for all views to stop loading...
[3.502][FINER]:     Done waiting for all views to stop loading
[3.512][FINER]:     Waiting for all views to stop loading...
[3.512][FINER]:     Done waiting for all views to stop loading
[3.512][FINE]:      Command finished (/session/ae3b75cb443542a1b90ab2125251ce19/elements) with response {
   "sessionId": "ae3b75cb443542a1b90ab2125251ce19",
   "status": 0,
   "value": [ {
      "ELEMENT": ":wdc:1362840688572"
   } ]
}

[3.513][FINE]:      Command received (/session/ae3b75cb443542a1b90ab2125251ce19/element/:wdc:1362840688572/click) with params {

}

[3.513][FINER]:     Waiting for all views to stop loading...
[3.514][FINER]:     Done waiting for all views to stop loading
[3.528][FINER]:     Waiting for all views to stop loading...
[3.529][FINER]:     Done waiting for all views to stop loading
[3.529][WARNING]:   Command finished (/session/ae3b75cb443542a1b90ab2125251ce19/element/:wdc:1362840688572/click) with response {
   "sessionId": "ae3b75cb443542a1b90ab2125251ce19",
   "status": 13,
   "value": {
      "message": "Element is not clickable at point (456, 41). Other element would receive the click: \u003Cdiv class=\"n..."
   }
}

[3.580][FINE]:      Command received (/session/ae3b75cb443542a1b90ab2125251ce19/elements) with params {
   "using": "xpath",
   "value": ".//a[./@href][(((./@id = 'Sign in' or contains(normalize-space(string(.)), 'Sign in')) or contain..."
}

[3.580][FINER]:     Waiting for all views to stop loading...
[3.581][FINER]:     Done waiting for all views to stop loading
[3.588][FINER]:     Waiting for all views to stop loading...
[3.588][FINER]:     Done waiting for all views to stop loading
[3.589][FINE]:      Command finished (/session/ae3b75cb443542a1b90ab2125251ce19/elements) with response {
   "sessionId": "ae3b75cb443542a1b90ab2125251ce19",
   "status": 0,
   "value": [ {
      "ELEMENT": ":wdc:1362840688572"
   } ]
}

[3.589][FINE]:      Command received (/session/ae3b75cb443542a1b90ab2125251ce19/element/:wdc:1362840688572/click) with params {

}

[3.589][FINER]:     Waiting for all views to stop loading...
[3.590][FINER]:     Done waiting for all views to stop loading
[3.604][FINER]:     Waiting for all views to stop loading...
[3.605][FINER]:     Done waiting for all views to stop loading
[3.605][WARNING]:   Command finished (/session/ae3b75cb443542a1b90ab2125251ce19/element/:wdc:1362840688572/click) with response {
   "sessionId": "ae3b75cb443542a1b90ab2125251ce19",
   "status": 13,
   "value": {
      "message": "Element is not clickable at point (456, 41). Other element would receive the click: \u003Cdiv class=\"n..."
   }
}

[3.656][FINE]:      Command received (/session/ae3b75cb443542a1b90ab2125251ce19/elements) with params {
   "using": "xpath",
   "value": ".//a[./@href][(((./@id = 'Sign in' or contains(normalize-space(string(.)), 'Sign in')) or contain..."
}

[3.656][FINER]:     Waiting for all views to stop loading...
[3.657][FINER]:     Done waiting for all views to stop loading
[3.664][FINER]:     Waiting for all views to stop loading...
[3.665][FINER]:     Done waiting for all views to stop loading
[3.665][FINE]:      Command finished (/session/ae3b75cb443542a1b90ab2125251ce19/elements) with response {
   "sessionId": "ae3b75cb443542a1b90ab2125251ce19",
   "status": 0,
   "value": [ {
      "ELEMENT": ":wdc:1362840688572"
   } ]
}

[3.666][FINE]:      Command received (/session/ae3b75cb443542a1b90ab2125251ce19/element/:wdc:1362840688572/click) with params {

}

[3.666][FINER]:     Waiting for all views to stop loading...
[3.666][FINER]:     Done waiting for all views to stop loading
[3.681][FINER]:     Waiting for all views to stop loading...
[3.682][FINER]:     Done waiting for all views to stop loading
[3.682][WARNING]:   Command finished (/session/ae3b75cb443542a1b90ab2125251ce19/element/:wdc:1362840688572/click) with response {
   "sessionId": "ae3b75cb443542a1b90ab2125251ce19",
   "status": 13,
   "value": {
      "message": "Element is not clickable at point (456, 41). Other element would receive the click: \u003Cdiv class=\"n..."
   }
}

[3.733][FINE]:      Command received (/session/ae3b75cb443542a1b90ab2125251ce19/elements) with params {
   "using": "xpath",
   "value": ".//a[./@href][(((./@id = 'Sign in' or contains(normalize-space(string(.)), 'Sign in')) or contain..."
}

[3.733][FINER]:     Waiting for all views to stop loading...
[3.734][FINER]:     Done waiting for all views to stop loading
[3.741][FINER]:     Waiting for all views to stop loading...
[3.741][FINER]:     Done waiting for all views to stop loading
[3.741][FINE]:      Command finished (/session/ae3b75cb443542a1b90ab2125251ce19/elements) with response {
   "sessionId": "ae3b75cb443542a1b90ab2125251ce19",
   "status": 0,
   "value": [ {
      "ELEMENT": ":wdc:1362840688572"
   } ]
}

[3.742][FINE]:      Command received (/session/ae3b75cb443542a1b90ab2125251ce19/element/:wdc:1362840688572/click) with params {

}

[3.742][FINER]:     Waiting for all views to stop loading...
[3.743][FINER]:     Done waiting for all views to stop loading
[3.757][FINER]:     Waiting for all views to stop loading...
[3.757][FINER]:     Done waiting for all views to stop loading
[3.757][WARNING]:   Command finished (/session/ae3b75cb443542a1b90ab2125251ce19/element/:wdc:1362840688572/click) with response {
   "sessionId": "ae3b75cb443542a1b90ab2125251ce19",
   "status": 13,
   "value": {
      "message": "Element is not clickable at point (456, 41). Other element would receive the click: \u003Cdiv class=\"n..."
   }
}

[3.809][FINE]:      Command received (/session/ae3b75cb443542a1b90ab2125251ce19/elements) with params {
   "using": "xpath",
   "value": ".//a[./@href][(((./@id = 'Sign in' or contains(normalize-space(string(.)), 'Sign in')) or contain..."
}

[3.809][FINER]:     Waiting for all views to stop loading...
[3.809][FINER]:     Done waiting for all views to stop loading
[3.816][FINER]:     Waiting for all views to stop loading...
[3.817][FINER]:     Done waiting for all views to stop loading
[3.817][FINE]:      Command finished (/session/ae3b75cb443542a1b90ab2125251ce19/elements) with response {
   "sessionId": "ae3b75cb443542a1b90ab2125251ce19",
   "status": 0,
   "value": [ {
      "ELEMENT": ":wdc:1362840688572"
   } ]
}

[3.818][FINE]:      Command received (/session/ae3b75cb443542a1b90ab2125251ce19/element/:wdc:1362840688572/click) with params {

}

[3.818][FINER]:     Waiting for all views to stop loading...
[3.818][FINER]:     Done waiting for all views to stop loading
[3.834][FINER]:     Waiting for all views to stop loading...
[3.834][FINER]:     Done waiting for all views to stop loading
[3.834][WARNING]:   Command finished (/session/ae3b75cb443542a1b90ab2125251ce19/element/:wdc:1362840688572/click) with response {
   "sessionId": "ae3b75cb443542a1b90ab2125251ce19",
   "status": 13,
   "value": {
      "message": "Element is not clickable at point (456, 41). Other element would receive the click: \u003Cdiv class=\"n..."
   }
}

[3.886][FINE]:      Command received (/session/ae3b75cb443542a1b90ab2125251ce19/elements) with params {
   "using": "xpath",
   "value": ".//a[./@href][(((./@id = 'Sign in' or contains(normalize-space(string(.)), 'Sign in')) or contain..."
}

[3.886][FINER]:     Waiting for all views to stop loading...
[3.886][FINER]:     Done waiting for all views to stop loading
[3.893][FINER]:     Waiting for all views to stop loading...
[3.894][FINER]:     Done waiting for all views to stop loading
[3.894][FINE]:      Command finished (/session/ae3b75cb443542a1b90ab2125251ce19/elements) with response {
   "sessionId": "ae3b75cb443542a1b90ab2125251ce19",
   "status": 0,
   "value": [ {
      "ELEMENT": ":wdc:1362840688572"
   } ]
}

[3.895][FINE]:      Command received (/session/ae3b75cb443542a1b90ab2125251ce19/element/:wdc:1362840688572/click) with params {

}

[3.895][FINER]:     Waiting for all views to stop loading...
[3.895][FINER]:     Done waiting for all views to stop loading
[3.910][FINER]:     Waiting for all views to stop loading...
[3.910][FINER]:     Done waiting for all views to stop loading
[3.910][WARNING]:   Command finished (/session/ae3b75cb443542a1b90ab2125251ce19/element/:wdc:1362840688572/click) with response {
   "sessionId": "ae3b75cb443542a1b90ab2125251ce19",
   "status": 13,
   "value": {
      "message": "Element is not clickable at point (456, 41). Other element would receive the click: \u003Cdiv class=\"n..."
   }
}

[3.962][FINE]:      Command received (/session/ae3b75cb443542a1b90ab2125251ce19/elements) with params {
   "using": "xpath",
   "value": ".//a[./@href][(((./@id = 'Sign in' or contains(normalize-space(string(.)), 'Sign in')) or contain..."
}

[3.962][FINER]:     Waiting for all views to stop loading...
[3.962][FINER]:     Done waiting for all views to stop loading
[3.969][FINER]:     Waiting for all views to stop loading...
[3.970][FINER]:     Done waiting for all views to stop loading
[3.970][FINE]:      Command finished (/session/ae3b75cb443542a1b90ab2125251ce19/elements) with response {
   "sessionId": "ae3b75cb443542a1b90ab2125251ce19",
   "status": 0,
   "value": [ {
      "ELEMENT": ":wdc:1362840688572"
   } ]
}

[3.971][FINE]:      Command received (/session/ae3b75cb443542a1b90ab2125251ce19/element/:wdc:1362840688572/click) with params {

}

[3.971][FINER]:     Waiting for all views to stop loading...
[3.971][FINER]:     Done waiting for all views to stop loading
[3.989][FINER]:     Waiting for all views to stop loading...
[3.990][FINER]:     Done waiting for all views to stop loading
[3.990][WARNING]:   Command finished (/session/ae3b75cb443542a1b90ab2125251ce19/element/:wdc:1362840688572/click) with response {
   "sessionId": "ae3b75cb443542a1b90ab2125251ce19",
   "status": 13,
   "value": {
      "message": "Element is not clickable at point (456, 41). Other element would receive the click: \u003Cdiv class=\"n..."
   }
}

[4.041][FINE]:      Command received (/session/ae3b75cb443542a1b90ab2125251ce19/elements) with params {
   "using": "xpath",
   "value": ".//a[./@href][(((./@id = 'Sign in' or contains(normalize-space(string(.)), 'Sign in')) or contain..."
}

[4.041][FINER]:     Waiting for all views to stop loading...
[4.042][FINER]:     Done waiting for all views to stop loading
[4.049][FINER]:     Waiting for all views to stop loading...
[4.049][FINER]:     Done waiting for all views to stop loading
[4.049][FINE]:      Command finished (/session/ae3b75cb443542a1b90ab2125251ce19/elements) with response {
   "sessionId": "ae3b75cb443542a1b90ab2125251ce19",
   "status": 0,
   "value": [ {
      "ELEMENT": ":wdc:1362840688572"
   } ]
}

[4.050][FINE]:      Command received (/session/ae3b75cb443542a1b90ab2125251ce19/element/:wdc:1362840688572/click) with params {

}

[4.050][FINER]:     Waiting for all views to stop loading...
[4.051][FINER]:     Done waiting for all views to stop loading
[4.066][FINER]:     Waiting for all views to stop loading...
[4.067][FINER]:     Done waiting for all views to stop loading
[4.067][WARNING]:   Command finished (/session/ae3b75cb443542a1b90ab2125251ce19/element/:wdc:1362840688572/click) with response {
   "sessionId": "ae3b75cb443542a1b90ab2125251ce19",
   "status": 13,
   "value": {
      "message": "Element is not clickable at point (456, 41). Other element would receive the click: \u003Cdiv class=\"n..."
   }
}

[4.118][FINE]:      Command received (/session/ae3b75cb443542a1b90ab2125251ce19/elements) with params {
   "using": "xpath",
   "value": ".//a[./@href][(((./@id = 'Sign in' or contains(normalize-space(string(.)), 'Sign in')) or contain..."
}

[4.118][FINER]:     Waiting for all views to stop loading...
[4.119][FINER]:     Done waiting for all views to stop loading
[4.126][FINER]:     Waiting for all views to stop loading...
[4.126][FINER]:     Done waiting for all views to stop loading
[4.126][FINE]:      Command finished (/session/ae3b75cb443542a1b90ab2125251ce19/elements) with response {
   "sessionId": "ae3b75cb443542a1b90ab2125251ce19",
   "status": 0,
   "value": [ {
      "ELEMENT": ":wdc:1362840688572"
   } ]
}

[4.127][FINE]:      Command received (/session/ae3b75cb443542a1b90ab2125251ce19/element/:wdc:1362840688572/click) with params {

}

[4.127][FINER]:     Waiting for all views to stop loading...
[4.128][FINER]:     Done waiting for all views to stop loading
[4.142][FINER]:     Waiting for all views to stop loading...
[4.142][FINER]:     Done waiting for all views to stop loading
[4.143][WARNING]:   Command finished (/session/ae3b75cb443542a1b90ab2125251ce19/element/:wdc:1362840688572/click) with response {
   "sessionId": "ae3b75cb443542a1b90ab2125251ce19",
   "status": 13,
   "value": {
      "message": "Element is not clickable at point (456, 41). Other element would receive the click: \u003Cdiv class=\"n..."
   }
}

[4.194][FINE]:      Command received (/session/ae3b75cb443542a1b90ab2125251ce19/elements) with params {
   "using": "xpath",
   "value": ".//a[./@href][(((./@id = 'Sign in' or contains(normalize-space(string(.)), 'Sign in')) or contain..."
}

[4.194][FINER]:     Waiting for all views to stop loading...
[4.194][FINER]:     Done waiting for all views to stop loading
[4.202][FINER]:     Waiting for all views to stop loading...
[4.202][FINER]:     Done waiting for all views to stop loading
[4.202][FINE]:      Command finished (/session/ae3b75cb443542a1b90ab2125251ce19/elements) with response {
   "sessionId": "ae3b75cb443542a1b90ab2125251ce19",
   "status": 0,
   "value": [ {
      "ELEMENT": ":wdc:1362840688572"
   } ]
}

[4.203][FINE]:      Command received (/session/ae3b75cb443542a1b90ab2125251ce19/element/:wdc:1362840688572/click) with params {

}

[4.203][FINER]:     Waiting for all views to stop loading...
[4.204][FINER]:     Done waiting for all views to stop loading
[4.218][FINER]:     Waiting for all views to stop loading...
[4.219][FINER]:     Done waiting for all views to stop loading
[4.219][WARNING]:   Command finished (/session/ae3b75cb443542a1b90ab2125251ce19/element/:wdc:1362840688572/click) with response {
   "sessionId": "ae3b75cb443542a1b90ab2125251ce19",
   "status": 13,
   "value": {
      "message": "Element is not clickable at point (456, 41). Other element would receive the click: \u003Cdiv class=\"n..."
   }
}

[4.270][FINE]:      Command received (/session/ae3b75cb443542a1b90ab2125251ce19/elements) with params {
   "using": "xpath",
   "value": ".//a[./@href][(((./@id = 'Sign in' or contains(normalize-space(string(.)), 'Sign in')) or contain..."
}

[4.270][FINER]:     Waiting for all views to stop loading...
[4.271][FINER]:     Done waiting for all views to stop loading
[4.278][FINER]:     Waiting for all views to stop loading...
[4.278][FINER]:     Done waiting for all views to stop loading
[4.279][FINE]:      Command finished (/session/ae3b75cb443542a1b90ab2125251ce19/elements) with response {
   "sessionId": "ae3b75cb443542a1b90ab2125251ce19",
   "status": 0,
   "value": [ {
      "ELEMENT": ":wdc:1362840688572"
   } ]
}

[4.279][FINE]:      Command received (/session/ae3b75cb443542a1b90ab2125251ce19/element/:wdc:1362840688572/click) with params {

}

[4.279][FINER]:     Waiting for all views to stop loading...
[4.280][FINER]:     Done waiting for all views to stop loading
[4.296][FINER]:     Waiting for all views to stop loading...
[4.296][FINER]:     Done waiting for all views to stop loading
[4.296][WARNING]:   Command finished (/session/ae3b75cb443542a1b90ab2125251ce19/element/:wdc:1362840688572/click) with response {
   "sessionId": "ae3b75cb443542a1b90ab2125251ce19",
   "status": 13,
   "value": {
      "message": "Element is not clickable at point (456, 41). Other element would receive the click: \u003Cdiv class=\"n..."
   }
}

[4.348][FINE]:      Command received (/session/ae3b75cb443542a1b90ab2125251ce19/elements) with params {
   "using": "xpath",
   "value": ".//a[./@href][(((./@id = 'Sign in' or contains(normalize-space(string(.)), 'Sign in')) or contain..."
}

[4.348][FINER]:     Waiting for all views to stop loading...
[4.348][FINER]:     Done waiting for all views to stop loading
[4.355][FINER]:     Waiting for all views to stop loading...
[4.356][FINER]:     Done waiting for all views to stop loading
[4.356][FINE]:      Command finished (/session/ae3b75cb443542a1b90ab2125251ce19/elements) with response {
   "sessionId": "ae3b75cb443542a1b90ab2125251ce19",
   "status": 0,
   "value": [ {
      "ELEMENT": ":wdc:1362840688572"
   } ]
}

[4.357][FINE]:      Command received (/session/ae3b75cb443542a1b90ab2125251ce19/element/:wdc:1362840688572/click) with params {

}

[4.357][FINER]:     Waiting for all views to stop loading...
[4.357][FINER]:     Done waiting for all views to stop loading
[4.372][FINER]:     Waiting for all views to stop loading...
[4.372][FINER]:     Done waiting for all views to stop loading
[4.372][WARNING]:   Command finished (/session/ae3b75cb443542a1b90ab2125251ce19/element/:wdc:1362840688572/click) with response {
   "sessionId": "ae3b75cb443542a1b90ab2125251ce19",
   "status": 13,
   "value": {
      "message": "Element is not clickable at point (456, 41). Other element would receive the click: \u003Cdiv class=\"n..."
   }
}

[4.423][FINE]:      Command received (/session/ae3b75cb443542a1b90ab2125251ce19/elements) with params {
   "using": "xpath",
   "value": ".//a[./@href][(((./@id = 'Sign in' or contains(normalize-space(string(.)), 'Sign in')) or contain..."
}

[4.423][FINER]:     Waiting for all views to stop loading...
[4.424][FINER]:     Done waiting for all views to stop loading
[4.431][FINER]:     Waiting for all views to stop loading...
[4.431][FINER]:     Done waiting for all views to stop loading
[4.432][FINE]:      Command finished (/session/ae3b75cb443542a1b90ab2125251ce19/elements) with response {
   "sessionId": "ae3b75cb443542a1b90ab2125251ce19",
   "status": 0,
   "value": [ {
      "ELEMENT": ":wdc:1362840688572"
   } ]
}

[4.432][FINE]:      Command received (/session/ae3b75cb443542a1b90ab2125251ce19/element/:wdc:1362840688572/click) with params {

}

[4.432][FINER]:     Waiting for all views to stop loading...
[4.433][FINER]:     Done waiting for all views to stop loading
[4.450][FINER]:     Waiting for all views to stop loading...
[4.450][FINER]:     Done waiting for all views to stop loading
[4.450][WARNING]:   Command finished (/session/ae3b75cb443542a1b90ab2125251ce19/element/:wdc:1362840688572/click) with response {
   "sessionId": "ae3b75cb443542a1b90ab2125251ce19",
   "status": 13,
   "value": {
      "message": "Element is not clickable at point (456, 41). Other element would receive the click: \u003Cdiv class=\"n..."
   }
}

[4.502][FINE]:      Command received (/session/ae3b75cb443542a1b90ab2125251ce19/elements) with params {
   "using": "xpath",
   "value": ".//a[./@href][(((./@id = 'Sign in' or contains(normalize-space(string(.)), 'Sign in')) or contain..."
}

[4.502][FINER]:     Waiting for all views to stop loading...
[4.502][FINER]:     Done waiting for all views to stop loading
[4.510][FINER]:     Waiting for all views to stop loading...
[4.510][FINER]:     Done waiting for all views to stop loading
[4.510][FINE]:      Command finished (/session/ae3b75cb443542a1b90ab2125251ce19/elements) with response {
   "sessionId": "ae3b75cb443542a1b90ab2125251ce19",
   "status": 0,
   "value": [ {
      "ELEMENT": ":wdc:1362840688572"
   } ]
}

[4.511][FINE]:      Command received (/session/ae3b75cb443542a1b90ab2125251ce19/element/:wdc:1362840688572/click) with params {

}

[4.511][FINER]:     Waiting for all views to stop loading...
[4.512][FINER]:     Done waiting for all views to stop loading
[4.527][FINER]:     Waiting for all views to stop loading...
[4.527][FINER]:     Done waiting for all views to stop loading
[4.527][WARNING]:   Command finished (/session/ae3b75cb443542a1b90ab2125251ce19/element/:wdc:1362840688572/click) with response {
   "sessionId": "ae3b75cb443542a1b90ab2125251ce19",
   "status": 13,
   "value": {
      "message": "Element is not clickable at point (456, 41). Other element would receive the click: \u003Cdiv class=\"n..."
   }
}

[4.579][FINE]:      Command received (/session/ae3b75cb443542a1b90ab2125251ce19/elements) with params {
   "using": "xpath",
   "value": ".//a[./@href][(((./@id = 'Sign in' or contains(normalize-space(string(.)), 'Sign in')) or contain..."
}

[4.579][FINER]:     Waiting for all views to stop loading...
[4.580][FINER]:     Done waiting for all views to stop loading
[4.587][FINER]:     Waiting for all views to stop loading...
[4.587][FINER]:     Done waiting for all views to stop loading
[4.587][FINE]:      Command finished (/session/ae3b75cb443542a1b90ab2125251ce19/elements) with response {
   "sessionId": "ae3b75cb443542a1b90ab2125251ce19",
   "status": 0,
   "value": [ {
      "ELEMENT": ":wdc:1362840688572"
   } ]
}

[4.588][FINE]:      Command received (/session/ae3b75cb443542a1b90ab2125251ce19/element/:wdc:1362840688572/click) with params {

}

[4.588][FINER]:     Waiting for all views to stop loading...
[4.589][FINER]:     Done waiting for all views to stop loading
[4.606][FINER]:     Waiting for all views to stop loading...
[4.606][FINER]:     Done waiting for all views to stop loading
[4.606][WARNING]:   Command finished (/session/ae3b75cb443542a1b90ab2125251ce19/element/:wdc:1362840688572/click) with response {
   "sessionId": "ae3b75cb443542a1b90ab2125251ce19",
   "status": 13,
   "value": {
      "message": "Element is not clickable at point (456, 41). Other element would receive the click: \u003Cdiv class=\"n..."
   }
}

[4.658][FINE]:      Command received (/session/ae3b75cb443542a1b90ab2125251ce19/elements) with params {
   "using": "xpath",
   "value": ".//a[./@href][(((./@id = 'Sign in' or contains(normalize-space(string(.)), 'Sign in')) or contain..."
}

[4.658][FINER]:     Waiting for all views to stop loading...
[4.658][FINER]:     Done waiting for all views to stop loading
[4.666][FINER]:     Waiting for all views to stop loading...
[4.666][FINER]:     Done waiting for all views to stop loading
[4.666][FINE]:      Command finished (/session/ae3b75cb443542a1b90ab2125251ce19/elements) with response {
   "sessionId": "ae3b75cb443542a1b90ab2125251ce19",
   "status": 0,
   "value": [ {
      "ELEMENT": ":wdc:1362840688572"
   } ]
}

[4.667][FINE]:      Command received (/session/ae3b75cb443542a1b90ab2125251ce19/element/:wdc:1362840688572/click) with params {

}

[4.667][FINER]:     Waiting for all views to stop loading...
[4.668][FINER]:     Done waiting for all views to stop loading
[4.684][FINER]:     Waiting for all views to stop loading...
[4.685][FINER]:     Done waiting for all views to stop loading
[4.685][WARNING]:   Command finished (/session/ae3b75cb443542a1b90ab2125251ce19/element/:wdc:1362840688572/click) with response {
   "sessionId": "ae3b75cb443542a1b90ab2125251ce19",
   "status": 13,
   "value": {
      "message": "Element is not clickable at point (456, 41). Other element would receive the click: \u003Cdiv class=\"n..."
   }
}

[5.396][FINE]:      Command received (/session/ae3b75cb443542a1b90ab2125251ce19/cookie)
[5.396][FINER]:     Waiting for all views to stop loading...
[5.396][FINER]:     Done waiting for all views to stop loading
[5.400][FINER]:     Waiting for all views to stop loading...
[5.400][FINER]:     Done waiting for all views to stop loading
[5.400][FINE]:      Command finished (/session/ae3b75cb443542a1b90ab2125251ce19/cookie) with response {
   "sessionId": "ae3b75cb443542a1b90ab2125251ce19",
   "status": 0,
   "value": {

   }
}

[5.401][FINE]:      Command received (/session/ae3b75cb443542a1b90ab2125251ce19/url) with params {
   "url": "about:blank"
}

[5.401][FINER]:     Waiting for all views to stop loading...
[5.401][FINER]:     Done waiting for all views to stop loading
[5.454][FINER]:     Waiting for all views to stop loading...
[5.455][FINER]:     Done waiting for all views to stop loading
[5.455][FINE]:      Command finished (/session/ae3b75cb443542a1b90ab2125251ce19/url) with response {
   "sessionId": "ae3b75cb443542a1b90ab2125251ce19",
   "status": 0,
   "value": {

   }
}

[5.787][FINE]:      Command received (/session/ae3b75cb443542a1b90ab2125251ce19/url) with params {
   "url": "http://127.0.0.1:50960/"
}

[5.787][FINER]:     Waiting for all views to stop loading...
[5.788][FINER]:     Done waiting for all views to stop loading
[6.025][FINER]:     Waiting for all views to stop loading...
[6.026][FINER]:     Done waiting for all views to stop loading
[6.026][FINE]:      Command finished (/session/ae3b75cb443542a1b90ab2125251ce19/url) with response {
   "sessionId": "ae3b75cb443542a1b90ab2125251ce19",
   "status": 0,
   "value": {

   }
}

[6.028][FINE]:      Command received (/session/ae3b75cb443542a1b90ab2125251ce19/elements) with params {
   "using": "xpath",
   "value": ".//a[./@href][(((./@id = 'Sign in' or contains(normalize-space(string(.)), 'Sign in')) or contain..."
}

[6.028][FINER]:     Waiting for all views to stop loading...
[6.028][FINER]:     Done waiting for all views to stop loading
[6.049][FINER]:     Waiting for all views to stop loading...
[6.049][FINER]:     Done waiting for all views to stop loading
[6.049][FINE]:      Command finished (/session/ae3b75cb443542a1b90ab2125251ce19/elements) with response {
   "sessionId": "ae3b75cb443542a1b90ab2125251ce19",
   "status": 0,
   "value": [ {
      "ELEMENT": ":wdc:1362840692034"
   } ]
}

[6.050][FINE]:      Command received (/session/ae3b75cb443542a1b90ab2125251ce19/element/:wdc:1362840692034/click) with params {

}

[6.050][FINER]:     Waiting for all views to stop loading...
[6.051][FINER]:     Done waiting for all views to stop loading
[6.090][FINER]:     Waiting for all views to stop loading...
[6.091][FINER]:     Done waiting for all views to stop loading
[6.091][WARNING]:   Command finished (/session/ae3b75cb443542a1b90ab2125251ce19/element/:wdc:1362840692034/click) with response {
   "sessionId": "ae3b75cb443542a1b90ab2125251ce19",
   "status": 13,
   "value": {
      "message": "Element is not clickable at point (456, 41). Other element would receive the click: \u003Cdiv class=\"n..."
   }
}

[6.142][FINE]:      Command received (/session/ae3b75cb443542a1b90ab2125251ce19/elements) with params {
   "using": "xpath",
   "value": ".//a[./@href][(((./@id = 'Sign in' or contains(normalize-space(string(.)), 'Sign in')) or contain..."
}

[6.142][FINER]:     Waiting for all views to stop loading...
[6.143][FINER]:     Done waiting for all views to stop loading
[6.151][FINER]:     Waiting for all views to stop loading...
[6.151][FINER]:     Done waiting for all views to stop loading
[6.151][FINE]:      Command finished (/session/ae3b75cb443542a1b90ab2125251ce19/elements) with response {
   "sessionId": "ae3b75cb443542a1b90ab2125251ce19",
   "status": 0,
   "value": [ {
      "ELEMENT": ":wdc:1362840692034"
   } ]
}

[6.152][FINE]:      Command received (/session/ae3b75cb443542a1b90ab2125251ce19/element/:wdc:1362840692034/click) with params {

}

[6.152][FINER]:     Waiting for all views to stop loading...
[6.153][FINER]:     Done waiting for all views to stop loading
[6.168][FINER]:     Waiting for all views to stop loading...
[6.168][FINER]:     Done waiting for all views to stop loading
[6.168][WARNING]:   Command finished (/session/ae3b75cb443542a1b90ab2125251ce19/element/:wdc:1362840692034/click) with response {
   "sessionId": "ae3b75cb443542a1b90ab2125251ce19",
   "status": 13,
   "value": {
      "message": "Element is not clickable at point (456, 41). Other element would receive the click: \u003Cdiv class=\"n..."
   }
}

[6.220][FINE]:      Command received (/session/ae3b75cb443542a1b90ab2125251ce19/elements) with params {
   "using": "xpath",
   "value": ".//a[./@href][(((./@id = 'Sign in' or contains(normalize-space(string(.)), 'Sign in')) or contain..."
}

[6.220][FINER]:     Waiting for all views to stop loading...
[6.220][FINER]:     Done waiting for all views to stop loading
[6.227][FINER]:     Waiting for all views to stop loading...
[6.228][FINER]:     Done waiting for all views to stop loading
[6.228][FINE]:      Command finished (/session/ae3b75cb443542a1b90ab2125251ce19/elements) with response {
   "sessionId": "ae3b75cb443542a1b90ab2125251ce19",
   "status": 0,
   "value": [ {
      "ELEMENT": ":wdc:1362840692034"
   } ]
}

[6.229][FINE]:      Command received (/session/ae3b75cb443542a1b90ab2125251ce19/element/:wdc:1362840692034/click) with params {

}

[6.229][FINER]:     Waiting for all views to stop loading...
[6.229][FINER]:     Done waiting for all views to stop loading
[6.244][FINER]:     Waiting for all views to stop loading...
[6.244][FINER]:     Done waiting for all views to stop loading
[6.244][WARNING]:   Command finished (/session/ae3b75cb443542a1b90ab2125251ce19/element/:wdc:1362840692034/click) with response {
   "sessionId": "ae3b75cb443542a1b90ab2125251ce19",
   "status": 13,
   "value": {
      "message": "Element is not clickable at point (456, 41). Other element would receive the click: \u003Cdiv class=\"n..."
   }
}

[6.295][FINE]:      Command received (/session/ae3b75cb443542a1b90ab2125251ce19/elements) with params {
   "using": "xpath",
   "value": ".//a[./@href][(((./@id = 'Sign in' or contains(normalize-space(string(.)), 'Sign in')) or contain..."
}

[6.295][FINER]:     Waiting for all views to stop loading...
[6.296][FINER]:     Done waiting for all views to stop loading
[6.303][FINER]:     Waiting for all views to stop loading...
[6.304][FINER]:     Done waiting for all views to stop loading
[6.304][FINE]:      Command finished (/session/ae3b75cb443542a1b90ab2125251ce19/elements) with response {
   "sessionId": "ae3b75cb443542a1b90ab2125251ce19",
   "status": 0,
   "value": [ {
      "ELEMENT": ":wdc:1362840692034"
   } ]
}

[6.305][FINE]:      Command received (/session/ae3b75cb443542a1b90ab2125251ce19/element/:wdc:1362840692034/click) with params {

}

[6.305][FINER]:     Waiting for all views to stop loading...
[6.305][FINER]:     Done waiting for all views to stop loading
[6.322][FINER]:     Waiting for all views to stop loading...
[6.323][FINER]:     Done waiting for all views to stop loading
[6.323][WARNING]:   Command finished (/session/ae3b75cb443542a1b90ab2125251ce19/element/:wdc:1362840692034/click) with response {
   "sessionId": "ae3b75cb443542a1b90ab2125251ce19",
   "status": 13,
   "value": {
      "message": "Element is not clickable at point (456, 41). Other element would receive the click: \u003Cdiv class=\"n..."
   }
}

[6.374][FINE]:      Command received (/session/ae3b75cb443542a1b90ab2125251ce19/elements) with params {
   "using": "xpath",
   "value": ".//a[./@href][(((./@id = 'Sign in' or contains(normalize-space(string(.)), 'Sign in')) or contain..."
}

[6.374][FINER]:     Waiting for all views to stop loading...
[6.375][FINER]:     Done waiting for all views to stop loading
[6.384][FINER]:     Waiting for all views to stop loading...
[6.384][FINER]:     Done waiting for all views to stop loading
[6.384][FINE]:      Command finished (/session/ae3b75cb443542a1b90ab2125251ce19/elements) with response {
   "sessionId": "ae3b75cb443542a1b90ab2125251ce19",
   "status": 0,
   "value": [ {
      "ELEMENT": ":wdc:1362840692034"
   } ]
}

[6.385][FINE]:      Command received (/session/ae3b75cb443542a1b90ab2125251ce19/element/:wdc:1362840692034/click) with params {

}

[6.385][FINER]:     Waiting for all views to stop loading...
[6.386][FINER]:     Done waiting for all views to stop loading
[6.402][FINER]:     Waiting for all views to stop loading...
[6.402][FINER]:     Done waiting for all views to stop loading
[6.402][WARNING]:   Command finished (/session/ae3b75cb443542a1b90ab2125251ce19/element/:wdc:1362840692034/click) with response {
   "sessionId": "ae3b75cb443542a1b90ab2125251ce19",
   "status": 13,
   "value": {
      "message": "Element is not clickable at point (456, 41). Other element would receive the click: \u003Cdiv class=\"n..."
   }
}

[6.454][FINE]:      Command received (/session/ae3b75cb443542a1b90ab2125251ce19/elements) with params {
   "using": "xpath",
   "value": ".//a[./@href][(((./@id = 'Sign in' or contains(normalize-space(string(.)), 'Sign in')) or contain..."
}

[6.454][FINER]:     Waiting for all views to stop loading...
[6.454][FINER]:     Done waiting for all views to stop loading
[6.461][FINER]:     Waiting for all views to stop loading...
[6.462][FINER]:     Done waiting for all views to stop loading
[6.462][FINE]:      Command finished (/session/ae3b75cb443542a1b90ab2125251ce19/elements) with response {
   "sessionId": "ae3b75cb443542a1b90ab2125251ce19",
   "status": 0,
   "value": [ {
      "ELEMENT": ":wdc:1362840692034"
   } ]
}

[6.463][FINE]:      Command received (/session/ae3b75cb443542a1b90ab2125251ce19/element/:wdc:1362840692034/click) with params {

}

[6.463][FINER]:     Waiting for all views to stop loading...
[6.463][FINER]:     Done waiting for all views to stop loading
[6.481][FINER]:     Waiting for all views to stop loading...
[6.481][FINER]:     Done waiting for all views to stop loading
[6.481][WARNING]:   Command finished (/session/ae3b75cb443542a1b90ab2125251ce19/element/:wdc:1362840692034/click) with response {
   "sessionId": "ae3b75cb443542a1b90ab2125251ce19",
   "status": 13,
   "value": {
      "message": "Element is not clickable at point (456, 41). Other element would receive the click: \u003Cdiv class=\"n..."
   }
}

[6.533][FINE]:      Command received (/session/ae3b75cb443542a1b90ab2125251ce19/elements) with params {
   "using": "xpath",
   "value": ".//a[./@href][(((./@id = 'Sign in' or contains(normalize-space(string(.)), 'Sign in')) or contain..."
}

[6.533][FINER]:     Waiting for all views to stop loading...
[6.534][FINER]:     Done waiting for all views to stop loading
[6.541][FINER]:     Waiting for all views to stop loading...
[6.541][FINER]:     Done waiting for all views to stop loading
[6.541][FINE]:      Command finished (/session/ae3b75cb443542a1b90ab2125251ce19/elements) with response {
   "sessionId": "ae3b75cb443542a1b90ab2125251ce19",
   "status": 0,
   "value": [ {
      "ELEMENT": ":wdc:1362840692034"
   } ]
}

[6.542][FINE]:      Command received (/session/ae3b75cb443542a1b90ab2125251ce19/element/:wdc:1362840692034/click) with params {

}

[6.542][FINER]:     Waiting for all views to stop loading...
[6.542][FINER]:     Done waiting for all views to stop loading
[6.560][FINER]:     Waiting for all views to stop loading...
[6.560][FINER]:     Done waiting for all views to stop loading
[6.560][WARNING]:   Command finished (/session/ae3b75cb443542a1b90ab2125251ce19/element/:wdc:1362840692034/click) with response {
   "sessionId": "ae3b75cb443542a1b90ab2125251ce19",
   "status": 13,
   "value": {
      "message": "Element is not clickable at point (456, 41). Other element would receive the click: \u003Cdiv class=\"n..."
   }
}

[6.612][FINE]:      Command received (/session/ae3b75cb443542a1b90ab2125251ce19/elements) with params {
   "using": "xpath",
   "value": ".//a[./@href][(((./@id = 'Sign in' or contains(normalize-space(string(.)), 'Sign in')) or contain..."
}

[6.612][FINER]:     Waiting for all views to stop loading...
[6.612][FINER]:     Done waiting for all views to stop loading
[6.619][FINER]:     Waiting for all views to stop loading...
[6.620][FINER]:     Done waiting for all views to stop loading
[6.620][FINE]:      Command finished (/session/ae3b75cb443542a1b90ab2125251ce19/elements) with response {
   "sessionId": "ae3b75cb443542a1b90ab2125251ce19",
   "status": 0,
   "value": [ {
      "ELEMENT": ":wdc:1362840692034"
   } ]
}

[6.621][FINE]:      Command received (/session/ae3b75cb443542a1b90ab2125251ce19/element/:wdc:1362840692034/click) with params {

}

[6.621][FINER]:     Waiting for all views to stop loading...
[6.621][FINER]:     Done waiting for all views to stop loading
[6.636][FINER]:     Waiting for all views to stop loading...
[6.636][FINER]:     Done waiting for all views to stop loading
[6.636][WARNING]:   Command finished (/session/ae3b75cb443542a1b90ab2125251ce19/element/:wdc:1362840692034/click) with response {
   "sessionId": "ae3b75cb443542a1b90ab2125251ce19",
   "status": 13,
   "value": {
      "message": "Element is not clickable at point (456, 41). Other element would receive the click: \u003Cdiv class=\"n..."
   }
}

[6.688][FINE]:      Command received (/session/ae3b75cb443542a1b90ab2125251ce19/elements) with params {
   "using": "xpath",
   "value": ".//a[./@href][(((./@id = 'Sign in' or contains(normalize-space(string(.)), 'Sign in')) or contain..."
}

[6.688][FINER]:     Waiting for all views to stop loading...
[6.688][FINER]:     Done waiting for all views to stop loading
[6.696][FINER]:     Waiting for all views to stop loading...
[6.696][FINER]:     Done waiting for all views to stop loading
[6.696][FINE]:      Command finished (/session/ae3b75cb443542a1b90ab2125251ce19/elements) with response {
   "sessionId": "ae3b75cb443542a1b90ab2125251ce19",
   "status": 0,
   "value": [ {
      "ELEMENT": ":wdc:1362840692034"
   } ]
}

[6.697][FINE]:      Command received (/session/ae3b75cb443542a1b90ab2125251ce19/element/:wdc:1362840692034/click) with params {

}

[6.697][FINER]:     Waiting for all views to stop loading...
[6.698][FINER]:     Done waiting for all views to stop loading
[6.712][FINER]:     Waiting for all views to stop loading...
[6.713][FINER]:     Done waiting for all views to stop loading
[6.713][WARNING]:   Command finished (/session/ae3b75cb443542a1b90ab2125251ce19/element/:wdc:1362840692034/click) with response {
   "sessionId": "ae3b75cb443542a1b90ab2125251ce19",
   "status": 13,
   "value": {
      "message": "Element is not clickable at point (456, 41). Other element would receive the click: \u003Cdiv class=\"n..."
   }
}

[6.764][FINE]:      Command received (/session/ae3b75cb443542a1b90ab2125251ce19/elements) with params {
   "using": "xpath",
   "value": ".//a[./@href][(((./@id = 'Sign in' or contains(normalize-space(string(.)), 'Sign in')) or contain..."
}

[6.765][FINER]:     Waiting for all views to stop loading...
[6.765][FINER]:     Done waiting for all views to stop loading
[6.774][FINER]:     Waiting for all views to stop loading...
[6.774][FINER]:     Done waiting for all views to stop loading
[6.774][FINE]:      Command finished (/session/ae3b75cb443542a1b90ab2125251ce19/elements) with response {
   "sessionId": "ae3b75cb443542a1b90ab2125251ce19",
   "status": 0,
   "value": [ {
      "ELEMENT": ":wdc:1362840692034"
   } ]
}

[6.775][FINE]:      Command received (/session/ae3b75cb443542a1b90ab2125251ce19/element/:wdc:1362840692034/click) with params {

}

[6.775][FINER]:     Waiting for all views to stop loading...
[6.775][FINER]:     Done waiting for all views to stop loading
[6.792][FINER]:     Waiting for all views to stop loading...
[6.792][FINER]:     Done waiting for all views to stop loading
[6.792][WARNING]:   Command finished (/session/ae3b75cb443542a1b90ab2125251ce19/element/:wdc:1362840692034/click) with response {
   "sessionId": "ae3b75cb443542a1b90ab2125251ce19",
   "status": 13,
   "value": {
      "message": "Element is not clickable at point (456, 41). Other element would receive the click: \u003Cdiv class=\"n..."
   }
}

[6.843][FINE]:      Command received (/session/ae3b75cb443542a1b90ab2125251ce19/elements) with params {
   "using": "xpath",
   "value": ".//a[./@href][(((./@id = 'Sign in' or contains(normalize-space(string(.)), 'Sign in')) or contain..."
}

[6.844][FINER]:     Waiting for all views to stop loading...
[6.844][FINER]:     Done waiting for all views to stop loading
[6.852][FINER]:     Waiting for all views to stop loading...
[6.853][FINER]:     Done waiting for all views to stop loading
[6.853][FINE]:      Command finished (/session/ae3b75cb443542a1b90ab2125251ce19/elements) with response {
   "sessionId": "ae3b75cb443542a1b90ab2125251ce19",
   "status": 0,
   "value": [ {
      "ELEMENT": ":wdc:1362840692034"
   } ]
}

[6.854][FINE]:      Command received (/session/ae3b75cb443542a1b90ab2125251ce19/element/:wdc:1362840692034/click) with params {

}

[6.854][FINER]:     Waiting for all views to stop loading...
[6.854][FINER]:     Done waiting for all views to stop loading
[6.871][FINER]:     Waiting for all views to stop loading...
[6.871][FINER]:     Done waiting for all views to stop loading
[6.872][WARNING]:   Command finished (/session/ae3b75cb443542a1b90ab2125251ce19/element/:wdc:1362840692034/click) with response {
   "sessionId": "ae3b75cb443542a1b90ab2125251ce19",
   "status": 13,
   "value": {
      "message": "Element is not clickable at point (456, 41). Other element would receive the click: \u003Cdiv class=\"n..."
   }
}

[6.923][FINE]:      Command received (/session/ae3b75cb443542a1b90ab2125251ce19/elements) with params {
   "using": "xpath",
   "value": ".//a[./@href][(((./@id = 'Sign in' or contains(normalize-space(string(.)), 'Sign in')) or contain..."
}

[6.923][FINER]:     Waiting for all views to stop loading...
[6.924][FINER]:     Done waiting for all views to stop loading
[6.931][FINER]:     Waiting for all views to stop loading...
[6.931][FINER]:     Done waiting for all views to stop loading
[6.931][FINE]:      Command finished (/session/ae3b75cb443542a1b90ab2125251ce19/elements) with response {
   "sessionId": "ae3b75cb443542a1b90ab2125251ce19",
   "status": 0,
   "value": [ {
      "ELEMENT": ":wdc:1362840692034"
   } ]
}

[6.932][FINE]:      Command received (/session/ae3b75cb443542a1b90ab2125251ce19/element/:wdc:1362840692034/click) with params {

}

[6.932][FINER]:     Waiting for all views to stop loading...
[6.933][FINER]:     Done waiting for all views to stop loading
[6.948][FINER]:     Waiting for all views to stop loading...
[6.948][FINER]:     Done waiting for all views to stop loading
[6.948][WARNING]:   Command finished (/session/ae3b75cb443542a1b90ab2125251ce19/element/:wdc:1362840692034/click) with response {
   "sessionId": "ae3b75cb443542a1b90ab2125251ce19",
   "status": 13,
   "value": {
      "message": "Element is not clickable at point (456, 41). Other element would receive the click: \u003Cdiv class=\"n..."
   }
}

[7.000][FINE]:      Command received (/session/ae3b75cb443542a1b90ab2125251ce19/elements) with params {
   "using": "xpath",
   "value": ".//a[./@href][(((./@id = 'Sign in' or contains(normalize-space(string(.)), 'Sign in')) or contain..."
}

[7.000][FINER]:     Waiting for all views to stop loading...
[7.001][FINER]:     Done waiting for all views to stop loading
[7.008][FINER]:     Waiting for all views to stop loading...
[7.008][FINER]:     Done waiting for all views to stop loading
[7.008][FINE]:      Command finished (/session/ae3b75cb443542a1b90ab2125251ce19/elements) with response {
   "sessionId": "ae3b75cb443542a1b90ab2125251ce19",
   "status": 0,
   "value": [ {
      "ELEMENT": ":wdc:1362840692034"
   } ]
}

[7.009][FINE]:      Command received (/session/ae3b75cb443542a1b90ab2125251ce19/element/:wdc:1362840692034/click) with params {

}

[7.009][FINER]:     Waiting for all views to stop loading...
[7.009][FINER]:     Done waiting for all views to stop loading
[7.027][FINER]:     Waiting for all views to stop loading...
[7.027][FINER]:     Done waiting for all views to stop loading
[7.027][WARNING]:   Command finished (/session/ae3b75cb443542a1b90ab2125251ce19/element/:wdc:1362840692034/click) with response {
   "sessionId": "ae3b75cb443542a1b90ab2125251ce19",
   "status": 13,
   "value": {
      "message": "Element is not clickable at point (456, 41). Other element would receive the click: \u003Cdiv class=\"n..."
   }
}

[7.079][FINE]:      Command received (/session/ae3b75cb443542a1b90ab2125251ce19/elements) with params {
   "using": "xpath",
   "value": ".//a[./@href][(((./@id = 'Sign in' or contains(normalize-space(string(.)), 'Sign in')) or contain..."
}

[7.079][FINER]:     Waiting for all views to stop loading...
[7.080][FINER]:     Done waiting for all views to stop loading
[7.087][FINER]:     Waiting for all views to stop loading...
[7.087][FINER]:     Done waiting for all views to stop loading
[7.088][FINE]:      Command finished (/session/ae3b75cb443542a1b90ab2125251ce19/elements) with response {
   "sessionId": "ae3b75cb443542a1b90ab2125251ce19",
   "status": 0,
   "value": [ {
      "ELEMENT": ":wdc:1362840692034"
   } ]
}

[7.088][FINE]:      Command received (/session/ae3b75cb443542a1b90ab2125251ce19/element/:wdc:1362840692034/click) with params {

}

[7.089][FINER]:     Waiting for all views to stop loading...
[7.089][FINER]:     Done waiting for all views to stop loading
[7.104][FINER]:     Waiting for all views to stop loading...
[7.105][FINER]:     Done waiting for all views to stop loading
[7.105][WARNING]:   Command finished (/session/ae3b75cb443542a1b90ab2125251ce19/element/:wdc:1362840692034/click) with response {
   "sessionId": "ae3b75cb443542a1b90ab2125251ce19",
   "status": 13,
   "value": {
      "message": "Element is not clickable at point (456, 41). Other element would receive the click: \u003Cdiv class=\"n..."
   }
}

[7.157][FINE]:      Command received (/session/ae3b75cb443542a1b90ab2125251ce19/elements) with params {
   "using": "xpath",
   "value": ".//a[./@href][(((./@id = 'Sign in' or contains(normalize-space(string(.)), 'Sign in')) or contain..."
}

[7.157][FINER]:     Waiting for all views to stop loading...
[7.157][FINER]:     Done waiting for all views to stop loading
[7.164][FINER]:     Waiting for all views to stop loading...
[7.165][FINER]:     Done waiting for all views to stop loading
[7.165][FINE]:      Command finished (/session/ae3b75cb443542a1b90ab2125251ce19/elements) with response {
   "sessionId": "ae3b75cb443542a1b90ab2125251ce19",
   "status": 0,
   "value": [ {
      "ELEMENT": ":wdc:1362840692034"
   } ]
}

[7.166][FINE]:      Command received (/session/ae3b75cb443542a1b90ab2125251ce19/element/:wdc:1362840692034/click) with params {

}

[7.166][FINER]:     Waiting for all views to stop loading...
[7.166][FINER]:     Done waiting for all views to stop loading
[7.180][FINER]:     Waiting for all views to stop loading...
[7.181][FINER]:     Done waiting for all views to stop loading
[7.181][WARNING]:   Command finished (/session/ae3b75cb443542a1b90ab2125251ce19/element/:wdc:1362840692034/click) with response {
   "sessionId": "ae3b75cb443542a1b90ab2125251ce19",
   "status": 13,
   "value": {
      "message": "Element is not clickable at point (456, 41). Other element would receive the click: \u003Cdiv class=\"n..."
   }
}

[7.232][FINE]:      Command received (/session/ae3b75cb443542a1b90ab2125251ce19/elements) with params {
   "using": "xpath",
   "value": ".//a[./@href][(((./@id = 'Sign in' or contains(normalize-space(string(.)), 'Sign in')) or contain..."
}

[7.232][FINER]:     Waiting for all views to stop loading...
[7.233][FINER]:     Done waiting for all views to stop loading
[7.240][FINER]:     Waiting for all views to stop loading...
[7.241][FINER]:     Done waiting for all views to stop loading
[7.241][FINE]:      Command finished (/session/ae3b75cb443542a1b90ab2125251ce19/elements) with response {
   "sessionId": "ae3b75cb443542a1b90ab2125251ce19",
   "status": 0,
   "value": [ {
      "ELEMENT": ":wdc:1362840692034"
   } ]
}

[7.242][FINE]:      Command received (/session/ae3b75cb443542a1b90ab2125251ce19/element/:wdc:1362840692034/click) with params {

}

[7.242][FINER]:     Waiting for all views to stop loading...
[7.242][FINER]:     Done waiting for all views to stop loading
[7.256][FINER]:     Waiting for all views to stop loading...
[7.256][FINER]:     Done waiting for all views to stop loading
[7.257][WARNING]:   Command finished (/session/ae3b75cb443542a1b90ab2125251ce19/element/:wdc:1362840692034/click) with response {
   "sessionId": "ae3b75cb443542a1b90ab2125251ce19",
   "status": 13,
   "value": {
      "message": "Element is not clickable at point (456, 41). Other element would receive the click: \u003Cdiv class=\"n..."
   }
}

[7.308][FINE]:      Command received (/session/ae3b75cb443542a1b90ab2125251ce19/elements) with params {
   "using": "xpath",
   "value": ".//a[./@href][(((./@id = 'Sign in' or contains(normalize-space(string(.)), 'Sign in')) or contain..."
}

[7.308][FINER]:     Waiting for all views to stop loading...
[7.309][FINER]:     Done waiting for all views to stop loading
[7.316][FINER]:     Waiting for all views to stop loading...
[7.317][FINER]:     Done waiting for all views to stop loading
[7.317][FINE]:      Command finished (/session/ae3b75cb443542a1b90ab2125251ce19/elements) with response {
   "sessionId": "ae3b75cb443542a1b90ab2125251ce19",
   "status": 0,
   "value": [ {
      "ELEMENT": ":wdc:1362840692034"
   } ]
}

[7.318][FINE]:      Command received (/session/ae3b75cb443542a1b90ab2125251ce19/element/:wdc:1362840692034/click) with params {

}

[7.318][FINER]:     Waiting for all views to stop loading...
[7.318][FINER]:     Done waiting for all views to stop loading
[7.333][FINER]:     Waiting for all views to stop loading...
[7.333][FINER]:     Done waiting for all views to stop loading
[7.333][WARNING]:   Command finished (/session/ae3b75cb443542a1b90ab2125251ce19/element/:wdc:1362840692034/click) with response {
   "sessionId": "ae3b75cb443542a1b90ab2125251ce19",
   "status": 13,
   "value": {
      "message": "Element is not clickable at point (456, 41). Other element would receive the click: \u003Cdiv class=\"n..."
   }
}

[7.385][FINE]:      Command received (/session/ae3b75cb443542a1b90ab2125251ce19/elements) with params {
   "using": "xpath",
   "value": ".//a[./@href][(((./@id = 'Sign in' or contains(normalize-space(string(.)), 'Sign in')) or contain..."
}

[7.385][FINER]:     Waiting for all views to stop loading...
[7.385][FINER]:     Done waiting for all views to stop loading
[7.392][FINER]:     Waiting for all views to stop loading...
[7.393][FINER]:     Done waiting for all views to stop loading
[7.393][FINE]:      Command finished (/session/ae3b75cb443542a1b90ab2125251ce19/elements) with response {
   "sessionId": "ae3b75cb443542a1b90ab2125251ce19",
   "status": 0,
   "value": [ {
      "ELEMENT": ":wdc:1362840692034"
   } ]
}

[7.394][FINE]:      Command received (/session/ae3b75cb443542a1b90ab2125251ce19/element/:wdc:1362840692034/click) with params {

}

[7.394][FINER]:     Waiting for all views to stop loading...
[7.394][FINER]:     Done waiting for all views to stop loading
[7.408][FINER]:     Waiting for all views to stop loading...
[7.409][FINER]:     Done waiting for all views to stop loading
[7.409][WARNING]:   Command finished (/session/ae3b75cb443542a1b90ab2125251ce19/element/:wdc:1362840692034/click) with response {
   "sessionId": "ae3b75cb443542a1b90ab2125251ce19",
   "status": 13,
   "value": {
      "message": "Element is not clickable at point (456, 41). Other element would receive the click: \u003Cdiv class=\"n..."
   }
}

[7.460][FINE]:      Command received (/session/ae3b75cb443542a1b90ab2125251ce19/elements) with params {
   "using": "xpath",
   "value": ".//a[./@href][(((./@id = 'Sign in' or contains(normalize-space(string(.)), 'Sign in')) or contain..."
}

[7.460][FINER]:     Waiting for all views to stop loading...
[7.461][FINER]:     Done waiting for all views to stop loading
[7.468][FINER]:     Waiting for all views to stop loading...
[7.468][FINER]:     Done waiting for all views to stop loading
[7.468][FINE]:      Command finished (/session/ae3b75cb443542a1b90ab2125251ce19/elements) with response {
   "sessionId": "ae3b75cb443542a1b90ab2125251ce19",
   "status": 0,
   "value": [ {
      "ELEMENT": ":wdc:1362840692034"
   } ]
}

[7.469][FINE]:      Command received (/session/ae3b75cb443542a1b90ab2125251ce19/element/:wdc:1362840692034/click) with params {

}

[7.469][FINER]:     Waiting for all views to stop loading...
[7.470][FINER]:     Done waiting for all views to stop loading
[7.497][FINER]:     Waiting for all views to stop loading...
[7.497][FINER]:     Done waiting for all views to stop loading
[7.497][WARNING]:   Command finished (/session/ae3b75cb443542a1b90ab2125251ce19/element/:wdc:1362840692034/click) with response {
   "sessionId": "ae3b75cb443542a1b90ab2125251ce19",
   "status": 13,
   "value": {
      "message": "Element is not clickable at point (456, 41). Other element would receive the click: \u003Cdiv class=\"n..."
   }
}

[7.549][FINE]:      Command received (/session/ae3b75cb443542a1b90ab2125251ce19/elements) with params {
   "using": "xpath",
   "value": ".//a[./@href][(((./@id = 'Sign in' or contains(normalize-space(string(.)), 'Sign in')) or contain..."
}

[7.549][FINER]:     Waiting for all views to stop loading...
[7.549][FINER]:     Done waiting for all views to stop loading
[7.556][FINER]:     Waiting for all views to stop loading...
[7.557][FINER]:     Done waiting for all views to stop loading
[7.557][FINE]:      Command finished (/session/ae3b75cb443542a1b90ab2125251ce19/elements) with response {
   "sessionId": "ae3b75cb443542a1b90ab2125251ce19",
   "status": 0,
   "value": [ {
      "ELEMENT": ":wdc:1362840692034"
   } ]
}

[7.558][FINE]:      Command received (/session/ae3b75cb443542a1b90ab2125251ce19/element/:wdc:1362840692034/click) with params {

}

[7.558][FINER]:     Waiting for all views to stop loading...
[7.558][FINER]:     Done waiting for all views to stop loading
[7.574][FINER]:     Waiting for all views to stop loading...
[7.574][FINER]:     Done waiting for all views to stop loading
[7.574][WARNING]:   Command finished (/session/ae3b75cb443542a1b90ab2125251ce19/element/:wdc:1362840692034/click) with response {
   "sessionId": "ae3b75cb443542a1b90ab2125251ce19",
   "status": 13,
   "value": {
      "message": "Element is not clickable at point (456, 41). Other element would receive the click: \u003Cdiv class=\"n..."
   }
}

[7.626][FINE]:      Command received (/session/ae3b75cb443542a1b90ab2125251ce19/elements) with params {
   "using": "xpath",
   "value": ".//a[./@href][(((./@id = 'Sign in' or contains(normalize-space(string(.)), 'Sign in')) or contain..."
}

[7.626][FINER]:     Waiting for all views to stop loading...
[7.626][FINER]:     Done waiting for all views to stop loading
[7.633][FINER]:     Waiting for all views to stop loading...
[7.634][FINER]:     Done waiting for all views to stop loading
[7.634][FINE]:      Command finished (/session/ae3b75cb443542a1b90ab2125251ce19/elements) with response {
   "sessionId": "ae3b75cb443542a1b90ab2125251ce19",
   "status": 0,
   "value": [ {
      "ELEMENT": ":wdc:1362840692034"
   } ]
}

[7.635][FINE]:      Command received (/session/ae3b75cb443542a1b90ab2125251ce19/element/:wdc:1362840692034/click) with params {

}

[7.635][FINER]:     Waiting for all views to stop loading...
[7.635][FINER]:     Done waiting for all views to stop loading
[7.650][FINER]:     Waiting for all views to stop loading...
[7.650][FINER]:     Done waiting for all views to stop loading
[7.650][WARNING]:   Command finished (/session/ae3b75cb443542a1b90ab2125251ce19/element/:wdc:1362840692034/click) with response {
   "sessionId": "ae3b75cb443542a1b90ab2125251ce19",
   "status": 13,
   "value": {
      "message": "Element is not clickable at point (456, 41). Other element would receive the click: \u003Cdiv class=\"n..."
   }
}

[7.702][FINE]:      Command received (/session/ae3b75cb443542a1b90ab2125251ce19/elements) with params {
   "using": "xpath",
   "value": ".//a[./@href][(((./@id = 'Sign in' or contains(normalize-space(string(.)), 'Sign in')) or contain..."
}

[7.702][FINER]:     Waiting for all views to stop loading...
[7.702][FINER]:     Done waiting for all views to stop loading
[7.709][FINER]:     Waiting for all views to stop loading...
[7.710][FINER]:     Done waiting for all views to stop loading
[7.710][FINE]:      Command finished (/session/ae3b75cb443542a1b90ab2125251ce19/elements) with response {
   "sessionId": "ae3b75cb443542a1b90ab2125251ce19",
   "status": 0,
   "value": [ {
      "ELEMENT": ":wdc:1362840692034"
   } ]
}

[7.711][FINE]:      Command received (/session/ae3b75cb443542a1b90ab2125251ce19/element/:wdc:1362840692034/click) with params {

}

[7.711][FINER]:     Waiting for all views to stop loading...
[7.711][FINER]:     Done waiting for all views to stop loading
[7.728][FINER]:     Waiting for all views to stop loading...
[7.728][FINER]:     Done waiting for all views to stop loading
[7.728][WARNING]:   Command finished (/session/ae3b75cb443542a1b90ab2125251ce19/element/:wdc:1362840692034/click) with response {
   "sessionId": "ae3b75cb443542a1b90ab2125251ce19",
   "status": 13,
   "value": {
      "message": "Element is not clickable at point (456, 41). Other element would receive the click: \u003Cdiv class=\"n..."
   }
}

[7.779][FINE]:      Command received (/session/ae3b75cb443542a1b90ab2125251ce19/elements) with params {
   "using": "xpath",
   "value": ".//a[./@href][(((./@id = 'Sign in' or contains(normalize-space(string(.)), 'Sign in')) or contain..."
}

[7.779][FINER]:     Waiting for all views to stop loading...
[7.780][FINER]:     Done waiting for all views to stop loading
[7.787][FINER]:     Waiting for all views to stop loading...
[7.787][FINER]:     Done waiting for all views to stop loading
[7.787][FINE]:      Command finished (/session/ae3b75cb443542a1b90ab2125251ce19/elements) with response {
   "sessionId": "ae3b75cb443542a1b90ab2125251ce19",
   "status": 0,
   "value": [ {
      "ELEMENT": ":wdc:1362840692034"
   } ]
}

[7.788][FINE]:      Command received (/session/ae3b75cb443542a1b90ab2125251ce19/element/:wdc:1362840692034/click) with params {

}

[7.788][FINER]:     Waiting for all views to stop loading...
[7.788][FINER]:     Done waiting for all views to stop loading
[7.804][FINER]:     Waiting for all views to stop loading...
[7.804][FINER]:     Done waiting for all views to stop loading
[7.804][WARNING]:   Command finished (/session/ae3b75cb443542a1b90ab2125251ce19/element/:wdc:1362840692034/click) with response {
   "sessionId": "ae3b75cb443542a1b90ab2125251ce19",
   "status": 13,
   "value": {
      "message": "Element is not clickable at point (456, 41). Other element would receive the click: \u003Cdiv class=\"n..."
   }
}

[7.856][FINE]:      Command received (/session/ae3b75cb443542a1b90ab2125251ce19/elements) with params {
   "using": "xpath",
   "value": ".//a[./@href][(((./@id = 'Sign in' or contains(normalize-space(string(.)), 'Sign in')) or contain..."
}

[7.856][FINER]:     Waiting for all views to stop loading...
[7.856][FINER]:     Done waiting for all views to stop loading
[7.865][FINER]:     Waiting for all views to stop loading...
[7.866][FINER]:     Done waiting for all views to stop loading
[7.866][FINE]:      Command finished (/session/ae3b75cb443542a1b90ab2125251ce19/elements) with response {
   "sessionId": "ae3b75cb443542a1b90ab2125251ce19",
   "status": 0,
   "value": [ {
      "ELEMENT": ":wdc:1362840692034"
   } ]
}

[7.867][FINE]:      Command received (/session/ae3b75cb443542a1b90ab2125251ce19/element/:wdc:1362840692034/click) with params {

}

[7.867][FINER]:     Waiting for all views to stop loading...
[7.867][FINER]:     Done waiting for all views to stop loading
[7.883][FINER]:     Waiting for all views to stop loading...
[7.883][FINER]:     Done waiting for all views to stop loading
[7.883][WARNING]:   Command finished (/session/ae3b75cb443542a1b90ab2125251ce19/element/:wdc:1362840692034/click) with response {
   "sessionId": "ae3b75cb443542a1b90ab2125251ce19",
   "status": 13,
   "value": {
      "message": "Element is not clickable at point (456, 41). Other element would receive the click: \u003Cdiv class=\"n..."
   }
}

[7.935][FINE]:      Command received (/session/ae3b75cb443542a1b90ab2125251ce19/elements) with params {
   "using": "xpath",
   "value": ".//a[./@href][(((./@id = 'Sign in' or contains(normalize-space(string(.)), 'Sign in')) or contain..."
}

[7.935][FINER]:     Waiting for all views to stop loading...
[7.935][FINER]:     Done waiting for all views to stop loading
[7.943][FINER]:     Waiting for all views to stop loading...
[7.943][FINER]:     Done waiting for all views to stop loading
[7.943][FINE]:      Command finished (/session/ae3b75cb443542a1b90ab2125251ce19/elements) with response {
   "sessionId": "ae3b75cb443542a1b90ab2125251ce19",
   "status": 0,
   "value": [ {
      "ELEMENT": ":wdc:1362840692034"
   } ]
}

[7.944][FINE]:      Command received (/session/ae3b75cb443542a1b90ab2125251ce19/element/:wdc:1362840692034/click) with params {

}

[7.944][FINER]:     Waiting for all views to stop loading...
[7.944][FINER]:     Done waiting for all views to stop loading
[7.959][FINER]:     Waiting for all views to stop loading...
[7.960][FINER]:     Done waiting for all views to stop loading
[7.960][WARNING]:   Command finished (/session/ae3b75cb443542a1b90ab2125251ce19/element/:wdc:1362840692034/click) with response {
   "sessionId": "ae3b75cb443542a1b90ab2125251ce19",
   "status": 13,
   "value": {
      "message": "Element is not clickable at point (456, 41). Other element would receive the click: \u003Cdiv class=\"n..."
   }
}

[8.011][FINE]:      Command received (/session/ae3b75cb443542a1b90ab2125251ce19/elements) with params {
   "using": "xpath",
   "value": ".//a[./@href][(((./@id = 'Sign in' or contains(normalize-space(string(.)), 'Sign in')) or contain..."
}

[8.011][FINER]:     Waiting for all views to stop loading...
[8.012][FINER]:     Done waiting for all views to stop loading
[8.019][FINER]:     Waiting for all views to stop loading...
[8.019][FINER]:     Done waiting for all views to stop loading
[8.019][FINE]:      Command finished (/session/ae3b75cb443542a1b90ab2125251ce19/elements) with response {
   "sessionId": "ae3b75cb443542a1b90ab2125251ce19",
   "status": 0,
   "value": [ {
      "ELEMENT": ":wdc:1362840692034"
   } ]
}

[8.020][FINE]:      Command received (/session/ae3b75cb443542a1b90ab2125251ce19/element/:wdc:1362840692034/click) with params {

}

[8.020][FINER]:     Waiting for all views to stop loading...
[8.021][FINER]:     Done waiting for all views to stop loading
[8.035][FINER]:     Waiting for all views to stop loading...
[8.035][FINER]:     Done waiting for all views to stop loading
[8.036][WARNING]:   Command finished (/session/ae3b75cb443542a1b90ab2125251ce19/element/:wdc:1362840692034/click) with response {
   "sessionId": "ae3b75cb443542a1b90ab2125251ce19",
   "status": 13,
   "value": {
      "message": "Element is not clickable at point (456, 41). Other element would receive the click: \u003Cdiv class=\"n..."
   }
}

[8.087][FINE]:      Command received (/session/ae3b75cb443542a1b90ab2125251ce19/elements) with params {
   "using": "xpath",
   "value": ".//a[./@href][(((./@id = 'Sign in' or contains(normalize-space(string(.)), 'Sign in')) or contain..."
}

[8.087][FINER]:     Waiting for all views to stop loading...
[8.087][FINER]:     Done waiting for all views to stop loading
[8.096][FINER]:     Waiting for all views to stop loading...
[8.096][FINER]:     Done waiting for all views to stop loading
[8.096][FINE]:      Command finished (/session/ae3b75cb443542a1b90ab2125251ce19/elements) with response {
   "sessionId": "ae3b75cb443542a1b90ab2125251ce19",
   "status": 0,
   "value": [ {
      "ELEMENT": ":wdc:1362840692034"
   } ]
}

[8.097][FINE]:      Command received (/session/ae3b75cb443542a1b90ab2125251ce19/element/:wdc:1362840692034/click) with params {

}

[8.097][FINER]:     Waiting for all views to stop loading...
[8.098][FINER]:     Done waiting for all views to stop loading
[8.114][FINER]:     Waiting for all views to stop loading...
[8.114][FINER]:     Done waiting for all views to stop loading
[8.114][WARNING]:   Command finished (/session/ae3b75cb443542a1b90ab2125251ce19/element/:wdc:1362840692034/click) with response {
   "sessionId": "ae3b75cb443542a1b90ab2125251ce19",
   "status": 13,
   "value": {
      "message": "Element is not clickable at point (456, 41). Other element would receive the click: \u003Cdiv class=\"n..."
   }
}

[8.851][FINE]:      Command received (/session/ae3b75cb443542a1b90ab2125251ce19/cookie)
[8.851][FINER]:     Waiting for all views to stop loading...
[8.852][FINER]:     Done waiting for all views to stop loading
[8.857][FINER]:     Waiting for all views to stop loading...
[8.858][FINER]:     Done waiting for all views to stop loading
[8.858][FINE]:      Command finished (/session/ae3b75cb443542a1b90ab2125251ce19/cookie) with response {
   "sessionId": "ae3b75cb443542a1b90ab2125251ce19",
   "status": 0,
   "value": {

   }
}

[8.859][FINE]:      Command received (/session/ae3b75cb443542a1b90ab2125251ce19/url) with params {
   "url": "about:blank"
}

[8.859][FINER]:     Waiting for all views to stop loading...
[8.859][FINER]:     Done waiting for all views to stop loading
[8.898][FINER]:     Waiting for all views to stop loading...
[8.899][FINER]:     Done waiting for all views to stop loading
[8.899][FINE]:      Command finished (/session/ae3b75cb443542a1b90ab2125251ce19/url) with response {
   "sessionId": "ae3b75cb443542a1b90ab2125251ce19",
   "status": 0,
   "value": {

   }
}

[9.793][FINE]:      Command received (/session/ae3b75cb443542a1b90ab2125251ce19)
[20.077][WARNING]:  Chrome still running, terminating...
[20.077][INFO]:     Chrome shutdown
